# JRE version: Java(TM) SE Runtime Environment (22.0.1+8) (build 22.0.1+8-16)
# Java VM: Java HotSpot(TM) 64-Bit Server VM (22.0.1+8-16, mixed mode, sharing, tiered, compressed oops, compressed class ptrs, g1 gc, windows-amd64)
GC Precious Log:
 CardTable entry size: 512
 Card Set container configuration: InlinePtr #cards 4 size 8 Array Of Cards #cards 16 size 48 Howl #buckets 8 coarsen threshold 3686 Howl Bitmap #cards 512 size 80 coarsen threshold 460 Card regions per heap region 1 cards per card region 4096
 CPUs: 8 total, 8 available
 Memory: 16321M
 Large Page Support: Disabled
 NUMA Support: Disabled
 Compressed Oops: Enabled (Zero based)
 Heap Region Size: 2M
 Heap Min Capacity: 8M
 Heap Initial Capacity: 256M
 Heap Max Capacity: 4082M
 Pre-touch: Disabled
 Parallel Workers: 8
 Concurrent Workers: 2
 Concurrent Refinement Workers: 8
 Periodic GC: Disabled
Heap:
 garbage-first heap   total reserved 4179968K, committed 126976K, used 68519K [0x0000000700e00000, 0x0000000800000000)
  region size 2048K, 15 young (30720K), 2 survivors (4096K)
 Metaspace       used 30885K, committed 31424K, reserved 1114112K
  class space    used 3393K, committed 3648K, reserved 1048576K
GC Heap History (14 events):
Event: 1.322 GC heap before
{Heap before GC invocations=0 (full 0):
 garbage-first heap   total reserved 4179968K, committed 262144K, used 22528K [0x0000000700e00000, 0x0000000800000000)
  region size 2048K, 12 young (24576K), 0 survivors (0K)
 Metaspace       used 7156K, committed 7296K, reserved 1114112K
  class space    used 661K, committed 768K, reserved 1048576K
}
Event: 1.329 GC heap after
{Heap after GC invocations=1 (full 0):
 garbage-first heap   total reserved 4179968K, committed 262144K, used 6071K [0x0000000700e00000, 0x0000000800000000)
  region size 2048K, 2 young (4096K), 2 survivors (4096K)
 Metaspace       used 7156K, committed 7296K, reserved 1114112K
  class space    used 661K, committed 768K, reserved 1048576K
}
Event: 2.646 GC heap before
{Heap before GC invocations=1 (full 0):
 garbage-first heap   total reserved 4179968K, committed 262144K, used 40887K [0x0000000700e00000, 0x0000000800000000)
  region size 2048K, 20 young (40960K), 2 survivors (4096K)
 Metaspace       used 11085K, committed 11328K, reserved 1114112K
  class space    used 1044K, committed 1152K, reserved 1048576K
}
Event: 2.656 GC heap after
{Heap after GC invocations=2 (full 0):
 garbage-first heap   total reserved 4179968K, committed 262144K, used 14278K [0x0000000700e00000, 0x0000000800000000)
  region size 2048K, 3 young (6144K), 3 survivors (6144K)
 Metaspace       used 11085K, committed 11328K, reserved 1114112K
  class space    used 1044K, committed 1152K, reserved 1048576K
}
Event: 3.656 GC heap before
{Heap before GC invocations=2 (full 0):
 garbage-first heap   total reserved 4179968K, committed 262144K, used 69574K [0x0000000700e00000, 0x0000000800000000)
  region size 2048K, 31 young (63488K), 3 survivors (6144K)
 Metaspace       used 14656K, committed 14912K, reserved 1114112K
  class space    used 1337K, committed 1472K, reserved 1048576K
}
Event: 3.670 GC heap after
{Heap after GC invocations=3 (full 0):
 garbage-first heap   total reserved 4179968K, committed 262144K, used 26255K [0x0000000700e00000, 0x0000000800000000)
  region size 2048K, 4 young (8192K), 4 survivors (8192K)
 Metaspace       used 14656K, committed 14912K, reserved 1114112K
  class space    used 1337K, committed 1472K, reserved 1048576K
}
Event: 4.960 GC heap before
{Heap before GC invocations=3 (full 0):
 garbage-first heap   total reserved 4179968K, committed 262144K, used 87695K [0x0000000700e00000, 0x0000000800000000)
  region size 2048K, 34 young (69632K), 4 survivors (8192K)
 Metaspace       used 18686K, committed 19008K, reserved 1114112K
  class space    used 1893K, committed 2048K, reserved 1048576K
}
Event: 4.974 GC heap after
{Heap after GC invocations=4 (full 0):
 garbage-first heap   total reserved 4179968K, committed 262144K, used 33156K [0x0000000700e00000, 0x0000000800000000)
  region size 2048K, 3 young (6144K), 3 survivors (6144K)
 Metaspace       used 18686K, committed 19008K, reserved 1114112K
  class space    used 1893K, committed 2048K, reserved 1048576K
}
Event: 6.223 GC heap before
{Heap before GC invocations=4 (full 0):
 garbage-first heap   total reserved 4179968K, committed 262144K, used 53636K [0x0000000700e00000, 0x0000000800000000)
  region size 2048K, 14 young (28672K), 3 survivors (6144K)
 Metaspace       used 21109K, committed 21504K, reserved 1114112K
  class space    used 2247K, committed 2432K, reserved 1048576K
}
Event: 6.230 GC heap after
{Heap after GC invocations=5 (full 0):
 garbage-first heap   total reserved 4179968K, committed 262144K, used 35261K [0x0000000700e00000, 0x0000000800000000)
  region size 2048K, 4 young (8192K), 4 survivors (8192K)
 Metaspace       used 21109K, committed 21504K, reserved 1114112K
  class space    used 2247K, committed 2432K, reserved 1048576K
}
Event: 16.127 GC heap before
{Heap before GC invocations=6 (full 0):
 garbage-first heap   total reserved 4179968K, committed 122880K, used 100797K [0x0000000700e00000, 0x0000000800000000)
  region size 2048K, 36 young (73728K), 4 survivors (8192K)
 Metaspace       used 29029K, committed 29504K, reserved 1114112K
  class space    used 3215K, committed 3392K, reserved 1048576K
}
Event: 16.150 GC heap after
{Heap after GC invocations=7 (full 0):
 garbage-first heap   total reserved 4179968K, committed 122880K, used 44704K [0x0000000700e00000, 0x0000000800000000)
  region size 2048K, 5 young (10240K), 5 survivors (10240K)
 Metaspace       used 29029K, committed 29504K, reserved 1114112K
  class space    used 3215K, committed 3392K, reserved 1048576K
}
Event: 22.199 GC heap before
{Heap before GC invocations=7 (full 0):
 garbage-first heap   total reserved 4179968K, committed 122880K, used 108192K [0x0000000700e00000, 0x0000000800000000)
  region size 2048K, 30 young (61440K), 5 survivors (10240K)
 Metaspace       used 30043K, committed 30528K, reserved 1114112K
  class space    used 3296K, committed 3520K, reserved 1048576K
}
Event: 22.215 GC heap after
{Heap after GC invocations=8 (full 0):
 garbage-first heap   total reserved 4179968K, committed 126976K, used 45991K [0x0000000700e00000, 0x0000000800000000)
  region size 2048K, 2 young (4096K), 2 survivors (4096K)
 Metaspace       used 30043K, committed 30528K, reserved 1114112K
  class space    used 3296K, committed 3520K, reserved 1048576K
}

